<?xml version="1.0" encoding="UTF-8"?>
<!-- Generated by org.testng.reporters.JUnitReportReporter -->
<testsuite hostname="DESKTOP-0GD050T" failures="0" tests="1" name="Contact.CreateContactTest" time="20.159" errors="0" timestamp="2023-02-27T17:15:35 IST" skipped="0">
  <testcase classname="Contact.CreateContactTest" name="createContactTest" time="20.159"/>
  <system-out/>
</testsuite> <!-- Contact.CreateContactTest -->
