<?xml version="1.0" encoding="UTF-8"?>
<!-- Generated by org.testng.reporters.JUnitReportReporter -->
<testsuite hostname="DESKTOP-0GD050T" failures="0" tests="2" name="Practice.SoftAssertTest" time="0.014" errors="0" timestamp="2023-02-28T16:34:36 IST" skipped="0">
  <testcase classname="Practice.SoftAssertTest" name="createContact" time="0.013"/>
  <system-out/>
  <testcase classname="Practice.SoftAssertTest" name="modifyContact" time="0.001"/>
  <system-out/>
</testsuite> <!-- Practice.SoftAssertTest -->
