<?xml version="1.0" encoding="UTF-8"?>
<!-- Generated by org.testng.reporters.JUnitReportReporter -->
<testsuite hostname="DESKTOP-0GD050T" failures="0" tests="3" name="TestNgPractice.TestNgBasic" time="0.011" errors="0" timestamp="2023-02-21T17:56:23 IST" skipped="0">
  <testcase classname="TestNgPractice.TestNgBasic" name="create" time="0.008"/>
  <system-out/>
  <testcase classname="TestNgPractice.TestNgBasic" name="delete" time="0.001"/>
  <system-out/>
  <testcase classname="TestNgPractice.TestNgBasic" name="modify" time="0.002"/>
  <system-out/>
</testsuite> <!-- TestNgPractice.TestNgBasic -->
