<?xml version="1.0" encoding="UTF-8"?>
<!-- Generated by org.testng.reporters.JUnitReportReporter -->
<testsuite hostname="DESKTOP-0GD050T" failures="0" tests="1" name="Product.DeleteProductTest" time="26.361" errors="0" timestamp="2023-02-27T17:18:41 IST" skipped="0">
  <testcase classname="Product.DeleteProductTest" name="deleteProductTest" time="26.361"/>
  <system-out/>
</testsuite> <!-- Product.DeleteProductTest -->
