<?xml version="1.0" encoding="UTF-8"?>
<!-- Generated by org.testng.reporters.JUnitReportReporter -->
<testsuite hostname="DESKTOP-0GD050T" failures="0" tests="1" name="Campaign.CreateCampaignWithProductTest" time="35.443" errors="0" timestamp="2023-02-27T16:41:57 IST" skipped="0">
  <testcase classname="Campaign.CreateCampaignWithProductTest" name="createCampaignWithProductTest" time="35.443"/>
  <system-out/>
</testsuite> <!-- Campaign.CreateCampaignWithProductTest -->
