<?xml version="1.0" encoding="UTF-8"?>
<!-- Generated by org.testng.reporters.JUnitReportReporter -->
<testsuite hostname="DESKTOP-0GD050T" failures="0" tests="3" name="TestNgPractice.TestNGDependsOnMethods" time="0.019" errors="0" timestamp="2023-02-22T16:50:50 IST" skipped="0">
  <testcase classname="TestNgPractice.TestNGDependsOnMethods" name="cretecontact" time="0.017"/>
  <system-out/>
  <testcase classname="TestNgPractice.TestNGDependsOnMethods" name="deletecontact" time="0.001"/>
  <system-out/>
  <testcase classname="TestNgPractice.TestNGDependsOnMethods" name="modifycontact" time="0.001"/>
  <system-out/>
</testsuite> <!-- TestNgPractice.TestNGDependsOnMethods -->
