<?xml version="1.0" encoding="UTF-8"?>
<!-- Generated by org.testng.reporters.JUnitReportReporter -->
<testsuite hostname="DESKTOP-0GD050T" failures="0" tests="1" name="Campaign.CreateCampaignTest" time="21.777" errors="0" timestamp="2023-02-27T16:41:57 IST" skipped="0">
  <testcase classname="Campaign.CreateCampaignTest" name="createCampaignTest" time="21.777"/>
  <system-out/>
</testsuite> <!-- Campaign.CreateCampaignTest -->
