<?xml version="1.0" encoding="UTF-8"?>
<!-- Generated by org.testng.reporters.JUnitReportReporter -->
<testsuite hostname="DESKTOP-0GD050T" failures="0" tests="3" name="TestNgPractice.TestngPriority" time="0.013" errors="0" timestamp="2023-02-21T17:55:57 IST" skipped="0">
  <testcase classname="TestNgPractice.TestngPriority" name="create" time="0.012"/>
  <system-out/>
  <testcase classname="TestNgPractice.TestngPriority" name="modify" time="0.001"/>
  <system-out/>
  <testcase classname="TestNgPractice.TestngPriority" name="delete" time="0.000"/>
  <system-out/>
</testsuite> <!-- TestNgPractice.TestngPriority -->
