<?xml version="1.0" encoding="UTF-8"?>
<!-- Generated by org.testng.reporters.JUnitReportReporter -->
<testsuite hostname="DESKTOP-0GD050T" failures="0" tests="5" name="TestNgPractice.DataProviderTest" time="0.010" errors="0" timestamp="2023-02-22T17:12:09 IST" skipped="0">
  <testcase classname="TestNgPractice.DataProviderTest" name="bookTicket" time="0.001"/>
  <system-out/>
  <testcase classname="TestNgPractice.DataProviderTest" name="bookTicket" time="0.001"/>
  <system-out/>
  <testcase classname="TestNgPractice.DataProviderTest" name="bookTicket" time="0.008"/>
  <system-out/>
  <testcase classname="TestNgPractice.DataProviderTest" name="bookTicket" time="0.000"/>
  <system-out/>
  <testcase classname="TestNgPractice.DataProviderTest" name="bookTicket" time="0.000"/>
  <system-out/>
</testsuite> <!-- TestNgPractice.DataProviderTest -->
