<?xml version="1.0" encoding="UTF-8"?>
<!-- Generated by org.testng.reporters.JUnitReportReporter -->
<testsuite hostname="DESKTOP-0GD050T" failures="0" tests="2" name="Practice.HardAssert" time="0.019" errors="0" timestamp="2023-02-27T17:47:40 IST" skipped="0">
  <testcase classname="Practice.HardAssert" name="createConatct" time="0.002"/>
  <system-out/>
  <testcase classname="Practice.HardAssert" name="create" time="0.017"/>
  <system-out/>
</testsuite> <!-- Practice.HardAssert -->
